<?xml version="1.0" encoding="UTF-8"?>
<testsuite xmlns:xsi="http://www.w3.org/2001/XMLSchema-instance" xsi:noNamespaceSchemaLocation="https://maven.apache.org/surefire/maven-surefire-plugin/xsd/surefire-test-report.xsd" version="3.0.2" name="com.fioritech.gimnasio.GimnasioApplicationTests" time="8.11" tests="1" errors="0" skipped="0" failures="0">
  <properties>
[...]
</properties>
  <testcase name="contextLoads" classname="com.fioritech.gimnasio.GimnasioApplicationTests" time="0.364">
    <system-out><![CDATA[Standard Commons Logging discovery in action with spring-jcl: please remove commons-logging.jar from classpath in order to avoid potential conflicts
09:47:06.239 [main] INFO org.springframework.test.context.support.AnnotationConfigContextLoaderUtils -- Could not detect default configuration classes for test class [com.fioritech.gimnasio.GimnasioApplicationTests]: GimnasioApplicationTests does not declare any static, non-private, non-final, nested classes annotated with @Configuration.
09:47:06.386 [main] INFO org.springframework.boot.test.context.SpringBootTestContextBootstrapper -- Found @SpringBootConfiguration com.fioritech.gimnasio.GimnasioApplication for test class com.fioritech.gimnasio.GimnasioApplicationTests

  .   ____          _            __ _ _
 /\\ / ___'_ __ _ _(_)_ __  __ _ \ \ \ \
( ( )\___ | '_ | '_| | '_ \/ _` | \ \ \ \
 \\/  ___)| |_)| | | | | || (_| |  ) ) ) )
  '  |____| .__|_| |_|_| |_\__, | / / / /
 =========|_|==============|___/=/_/_/_/

 :: Spring Boot ::                (v3.5.6)

2025-10-29T09:47:06.873-03:00  INFO 255864 --- [           main] c.f.gimnasio.GimnasioApplicationTests    : Starting GimnasioApplicationTests using Java 17.0.16 with PID 255864 (started by f4cul3ll4 in /home/f4cul3ll4/Escritorio/Repo-IS2/Software-engineering-II/Practice/tp2/Ex6/ExC/gimnasio)
2025-10-29T09:47:06.875-03:00  INFO 255864 --- [           main] c.f.gimnasio.GimnasioApplicationTests    : No active profile set, falling back to 1 default profile: "default"
2025-10-29T09:47:07.740-03:00  INFO 255864 --- [           main] .s.d.r.c.RepositoryConfigurationDelegate : Bootstrapping Spring Data JPA repositories in DEFAULT mode.
2025-10-29T09:47:07.845-03:00  INFO 255864 --- [           main] .s.d.r.c.RepositoryConfigurationDelegate : Finished Spring Data repository scanning in 95 ms. Found 20 JPA repository interfaces.
2025-10-29T09:47:08.486-03:00  INFO 255864 --- [           main] o.hibernate.jpa.internal.util.LogHelper  : HHH000204: Processing PersistenceUnitInfo [name: default]
2025-10-29T09:47:08.543-03:00  INFO 255864 --- [           main] org.hibernate.Version                    : HHH000412: Hibernate ORM core version 6.6.29.Final
2025-10-29T09:47:08.620-03:00  INFO 255864 --- [           main] o.h.c.internal.RegionFactoryInitiator    : HHH000026: Second-level cache disabled
2025-10-29T09:47:08.879-03:00  INFO 255864 --- [           main] o.s.o.j.p.SpringPersistenceUnitInfo      : No LoadTimeWeaver setup: ignoring JPA class transformer
2025-10-29T09:47:08.910-03:00  INFO 255864 --- [           main] com.zaxxer.hikari.HikariDataSource       : HikariPool-1 - Starting...
2025-10-29T09:47:09.144-03:00  INFO 255864 --- [           main] com.zaxxer.hikari.pool.HikariPool        : HikariPool-1 - Added connection conn0: url=jdbc:h2:mem:gimnasio_test user=SA
2025-10-29T09:47:09.146-03:00  INFO 255864 --- [           main] com.zaxxer.hikari.HikariDataSource       : HikariPool-1 - Start completed.
2025-10-29T09:47:09.170-03:00  WARN 255864 --- [           main] org.hibernate.orm.deprecation            : HHH90000025: H2Dialect does not need to be specified explicitly using 'hibernate.dialect' (remove the property setting and it will be selected by default)
2025-10-29T09:47:09.192-03:00  INFO 255864 --- [           main] org.hibernate.orm.connections.pooling    : HHH10001005: Database info:
	Database JDBC URL [Connecting through datasource 'HikariDataSource (HikariPool-1)']
	Database driver: undefined/unknown
	Database version: 2.3.232
	Autocommit mode: undefined/unknown
	Isolation level: undefined/unknown
	Minimum pool size: undefined/unknown
	Maximum pool size: undefined/unknown
2025-10-29T09:47:10.569-03:00  INFO 255864 --- [           main] o.h.e.t.j.p.i.JtaPlatformInitiator       : HHH000489: No JTA platform available (set 'hibernate.transaction.jta.platform' to enable JTA platform integration)
2025-10-29T09:47:10.670-03:00  INFO 255864 --- [           main] j.LocalContainerEntityManagerFactoryBean : Initialized JPA EntityManagerFactory for persistence unit 'default'
2025-10-29T09:47:10.957-03:00  INFO 255864 --- [           main] o.s.d.j.r.query.QueryEnhancerFactory     : Hibernate is in classpath; If applicable, HQL parser will be used.
2025-10-29T09:47:12.716-03:00  WARN 255864 --- [           main] JpaBaseConfiguration$JpaWebConfiguration : spring.jpa.open-in-view is enabled by default. Therefore, database queries may be performed during view rendering. Explicitly configure spring.jpa.open-in-view to disable this warning
2025-10-29T09:47:12.996-03:00  WARN 255864 --- [           main] r$InitializeUserDetailsManagerConfigurer : Global AuthenticationManager configured with an AuthenticationProvider bean. UserDetailsService beans will not be used by Spring Security for automatically configuring username/password login. Consider removing the AuthenticationProvider bean. Alternatively, consider using the UserDetailsService in a manually instantiated DaoAuthenticationProvider. If the current configuration is intentional, to turn off this warning, increase the logging level of 'org.springframework.security.config.annotation.authentication.configuration.InitializeUserDetailsBeanManagerConfigurer' to ERROR
2025-10-29T09:47:13.483-03:00  INFO 255864 --- [           main] c.f.gimnasio.GimnasioApplicationTests    : Started GimnasioApplicationTests in 6.924 seconds (process running for 8.105)
2025-10-29T09:47:13.790-03:00  INFO 255864 --- [           main] c.f.gimnasio.GimnasioApplication         : Usuario admin creado automáticamente.
]]></system-out>
  </testcase>
</testsuite>